c:\users\victorromero\documents\enti\3r\xarxes\[aa2]_ejercicios\gameserver\x64\debug\vc141.pdb
c:\users\victorromero\documents\enti\3r\xarxes\[aa2]_ejercicios\gameserver\x64\debug\vc141.idb
c:\users\victorromero\documents\enti\3r\xarxes\[aa2]_ejercicios\gameserver\x64\debug\utils.obj
c:\users\victorromero\documents\enti\3r\xarxes\[aa2]_ejercicios\gameserver\x64\debug\source.obj
c:\users\victorromero\documents\enti\3r\xarxes\[aa2]_ejercicios\gameserver\x64\debug\console.obj
c:\users\victor romero\documents\enti\3r\xarxes\projectes\[aa2]_ejercicios\gameserver\x64\debug\vc141.pdb
c:\users\victor romero\documents\enti\3r\xarxes\projectes\[aa2]_ejercicios\gameserver\x64\debug\vc141.idb
c:\users\victor romero\documents\enti\3r\xarxes\projectes\[aa2]_ejercicios\gameserver\x64\debug\utils.obj
c:\users\victor romero\documents\enti\3r\xarxes\projectes\[aa2]_ejercicios\gameserver\x64\debug\console.obj
c:\users\victorromero\documents\enti\3r\xarxes\[aa2]_ejercicios\x64\debug\gameserver.exe
c:\users\victorromero\documents\enti\3r\xarxes\[aa2]_ejercicios\x64\debug\gameserver.ilk
c:\users\victorromero\documents\enti\3r\xarxes\[aa2]_ejercicios\x64\debug\gameserver.pdb
c:\users\victor romero\documents\enti\3r\xarxes\projectes\[aa2]_ejercicios\x64\debug\gameserver.pdb
c:\users\victor romero\documents\enti\3r\xarxes\projectes\[aa2]_ejercicios\x64\debug\gameserver.exe
c:\users\victor romero\documents\enti\3r\xarxes\projectes\[aa2]_ejercicios\x64\debug\gameserver.ilk
c:\users\victor romero\documents\enti\3r\xarxes\projectes\[aa2]_ejercicios\gameserver\x64\debug\gameserver.tlog\cl.command.1.tlog
c:\users\victor romero\documents\enti\3r\xarxes\projectes\[aa2]_ejercicios\gameserver\x64\debug\gameserver.tlog\cl.read.1.tlog
c:\users\victor romero\documents\enti\3r\xarxes\projectes\[aa2]_ejercicios\gameserver\x64\debug\gameserver.tlog\cl.write.1.tlog
c:\users\victor romero\documents\enti\3r\xarxes\projectes\[aa2]_ejercicios\gameserver\x64\debug\gameserver.tlog\link.command.1.tlog
c:\users\victor romero\documents\enti\3r\xarxes\projectes\[aa2]_ejercicios\gameserver\x64\debug\gameserver.tlog\link.read.1.tlog
c:\users\victor romero\documents\enti\3r\xarxes\projectes\[aa2]_ejercicios\gameserver\x64\debug\gameserver.tlog\link.write.1.tlog
